2025-05-17	10:43:50	bdacb92f-a2d0-4f8b-8934-548139acb3f4	GET	undefined	 /
2025-05-17	10:43:50	8307df69-cbc5-4612-a0c1-04c7f16faaf0	GET	undefined	 /css/style.css
2025-05-17	11:01:33	0a163c00-2beb-4eac-adc3-298ca617c4bc	OPTIONS	https://www.google.com	 /
2025-05-17	11:01:33	ac2a23cf-83b9-4548-8124-3eca4d13b4a8	GET	https://www.google.com	 /
2025-05-17	11:03:51	f68bd75b-3562-4390-8b34-c2378697a712	OPTIONS	https://www.google.com	 /
2025-05-17	11:03:51	d3d32f66-0489-43b9-921d-fd49c27bacc5	GET	https://www.google.com	 /
2025-05-17	11:04:49	6d4fa12f-4c1c-4d30-9b70-96fb0e48ca20	OPTIONS	https://www.google.com	 /
2025-05-17	11:04:49	e2073630-180f-4d2e-bca4-613941e0a89e	GET	https://www.google.com	 /
2025-05-17	11:05:56	338bb952-0d07-4c2c-a49e-51dec489ebbd	OPTIONS	https://www.google.com	 /
2025-05-17	11:05:56	9718757c-4630-4365-9e49-dac23856cad3	GET	https://www.google.com	 /
2025-05-17	11:07:17	bd1d7a93-21d7-47ce-8e4f-df9f9fdb889a	OPTIONS	https://www.google.com	 /
2025-05-17	11:07:17	ae77d88b-7d8e-4e6d-adf1-c28d1d22ba94	GET	https://www.google.com	 /
2025-05-17	11:16:36	e0ac7c36-2aab-46b9-8524-0f445a2577bd	OPTIONS	https://www.google.com	 /
2025-05-17	11:16:36	df1b5161-9da1-43d0-966d-280fdc7416d7	GET	https://www.google.com	 /
2025-05-17	11:18:47	0bf42ea6-76e6-48ae-adaf-80431b435a24	OPTIONS	https://www.google.com	 /
2025-05-17	11:18:47	69c216ff-c807-4130-8722-c3a1617d52d6	GET	https://www.google.com	 /
2025-05-18	12:15:35	b3581310-b0ab-42f2-ae5a-a396ef77f5fd	GET	undefined	 /users
2025-05-18	12:16:17	157f773e-1f5a-4ff7-b4bc-ea78b2278e37	GET	undefined	 /users
2025-05-18	12:16:27	84e6d01e-b176-401c-ae4f-e1038028dfec	GET	undefined	 /user
2025-05-18	12:17:48	117ee06c-468a-45b6-9c09-3ffcba4b2090	GET	undefined	 /user
2025-05-18	12:19:04	e378566f-1cfc-4b7a-8e66-f38bf47742cd	GET	undefined	 /users
2025-05-18	12:20:28	f1ae882d-5def-4875-8121-89f6f6af3ce4	POST	undefined	 /users
2025-05-18	12:24:20	c860b64f-ef94-4473-b353-ab78ef42f1ba	POST	undefined	 /users
2025-05-18	12:24:28	271d8b16-5264-4387-9b22-0dc5194319fc	POST	undefined	 /users
2025-05-18	12:24:48	04c8364b-4c97-4bbc-a108-4302a3045d51	POST	undefined	 /users
2025-05-18	12:25:13	71938c74-c03f-4adf-9cc9-0a9e0f8d08e7	POST	undefined	 /users
2025-05-18	12:25:37	e072b791-83fc-4274-84f1-5076aa093475	POST	undefined	 /users
2025-05-18	12:27:30	554bee15-949b-4678-9a7a-65a6527b66f0	GET	undefined	 /users
2025-05-18	12:27:45	f420c8be-846f-4072-bf8f-d7d88eb7f3c6	PATCH	undefined	 /users
2025-05-18	12:28:19	d95c5b12-2d4a-4ded-b662-43df6de36516	PATCH	undefined	 /users
2025-05-18	12:28:21	79694c56-254a-465f-bd50-87e9c1fe2b31	PATCH	undefined	 /users
2025-05-18	12:28:41	5dcf68e2-aa80-4057-b99e-15352230b4d3	PATCH	undefined	 /users
2025-05-18	12:29:01	fdd5e856-593a-4bb1-9315-9c81ffa839e0	PATCH	undefined	 /users
2025-05-18	12:29:18	6be09d75-81dc-4ed2-808d-4a02232e3a72	PATCH	undefined	 /users
2025-05-18	12:29:25	0a37c02e-bef8-4fb7-941a-585504e76a67	GET	undefined	 /users
2025-05-18	12:33:58	149f0fd2-1899-46ff-95f1-b4a6cfde3047	PATCH	undefined	 /users
2025-05-18	12:34:34	4627153b-3170-4cdc-9aa8-2c6a97515dc9	PATCH	undefined	 /users
2025-05-18	12:36:11	e3119c7b-abc6-44bc-85f2-54d1c95e7cfa	PATCH	undefined	 /users
2025-05-18	12:36:43	389946a2-f166-4c41-b446-db63d668a6b5	PATCH	undefined	 /users
2025-05-18	12:37:05	fb127b2e-1c45-4db6-a142-e698a9ff9709	POST	undefined	 /users
2025-05-18	12:37:14	0b3fee4f-205a-4cae-b2ac-5130e3207ca2	POST	undefined	 /users
2025-05-18	12:37:55	45f43ee6-a79b-4dda-bb1e-6f1e33b94fbe	PATCH	undefined	 /users
2025-05-18	12:38:10	6a0fb0fd-a249-4dc8-991f-2ecd16e916b1	GET	undefined	 /users
2025-05-18	12:38:40	8c6861be-4a4f-4737-989b-8dfd57097633	PATCH	undefined	 /users
2025-05-18	12:39:07	2822b590-2ef7-4f26-9ef9-77c1c6689b67	PATCH	undefined	 /users
2025-05-18	12:43:08	9b372b0c-1576-4612-b789-c7fa4d6d99d7	PATCH	undefined	 /users
2025-05-18	12:43:26	38765a9f-1039-4cb1-8970-fb4bb9b1fe27	POST	undefined	 /users
2025-05-18	12:43:33	d3575eda-46b4-45d7-8ada-c8ebfbdf7e54	POST	undefined	 /users
2025-05-18	12:43:47	90cec71a-0cba-4303-846f-a07a80493ab1	PATCH	undefined	 /users
2025-05-18	12:44:20	98177702-642a-4023-bf0c-082f0f755d37	GET	undefined	 /users
2025-05-18	12:44:45	6ca1dd19-d86d-4f8c-890d-b56d85209e61	GET	undefined	 /users
2025-05-18	12:44:52	1eda56a5-db77-4f3f-9d79-48fa6ed577bc	PATCH	undefined	 /users
2025-05-18	12:45:09	56321e97-3adc-4342-a0a6-25caa60d2f3a	GET	undefined	 /users
2025-05-18	12:45:32	e7d29afe-1a68-4b7e-bf1a-6921b1aa7b3b	GET	undefined	 /users
2025-05-18	12:45:38	83a882f0-4178-4dc6-8e01-373f656f3be9	PATCH	undefined	 /users
2025-05-18	12:45:47	1f97b20f-9c2f-4c19-8f4b-99da1aa23f7d	PATCH	undefined	 /users
2025-05-18	12:45:55	bb9a55d3-450d-4d6f-8cc1-f8a46793fd59	PATCH	undefined	 /users
2025-05-18	12:48:39	0fe5bd12-d239-49e9-8adf-fa4860ae9b17	PATCH	undefined	 /users
2025-05-18	12:48:42	0332c31f-a253-49f0-bed5-5ea37cb3fea2	PATCH	undefined	 /users
2025-05-18	12:49:25	5c27382e-1221-417f-96f2-e12478a2a2bd	PATCH	undefined	 /users
2025-05-18	12:49:34	e98e106f-88f4-494c-abf8-e01b09f9223c	GET	undefined	 /users
2025-05-18	12:50:58	e9311bc0-f9c4-4f7d-9897-8e081e83eb2c	GET	undefined	 /users
2025-05-18	12:51:29	228e38ab-9672-4ebe-b1f8-e926e6fa9c66	PATCH	undefined	 /users
2025-05-18	12:51:36	75c61f90-b53a-4373-9f76-a740ff0a38ce	PATCH	undefined	 /users
2025-05-18	12:51:43	9108d47f-70ae-4da7-8982-5f0df0c8c0c1	PATCH	undefined	 /users
2025-05-18	12:51:56	eeb9f572-2a2d-405f-affc-275d1e95ff10	DELETE	undefined	 /users
2025-05-18	12:52:16	91f59f7a-0d4c-4c9b-a6cf-8b576e9e808e	DELETE	undefined	 /users
2025-05-18	12:53:49	e6164068-820c-4adf-99a7-e49a4a096af3	DELETE	undefined	 /users
2025-05-18	12:54:05	a8c20d1d-dcc3-48d3-adaa-3845c365e5f8	DELETE	undefined	 /users
2025-05-18	12:55:36	f17e471d-bed7-41d0-b0f6-957bd648a793	DELETE	undefined	 /users
2025-05-18	12:55:46	04445b8f-7da8-494c-b993-44d4ebcdadca	GET	undefined	 /users
2025-05-18	12:56:04	c66f526b-91f1-4726-8e6b-d5f7465a31ef	GET	undefined	 /users
2025-05-18	12:56:11	10cbbc2c-8eeb-4ce6-a787-b5f390e5b009	DELETE	undefined	 /users
2025-05-18	12:56:34	b451a9ca-0093-4f4f-a3c3-2567ecd664af	DELETE	undefined	 /users
2025-05-18	12:58:23	2cfde485-7129-4ee0-a5d7-6fbaafe627ed	DELETE	undefined	 /users
2025-05-18	13:00:10	1c24c045-93a9-4e50-bb19-552c4315b667	DELETE	undefined	 /users
2025-05-18	13:00:18	349af1e8-92fd-469b-b331-af7cd9623e1a	DELETE	undefined	 /users
2025-05-18	13:00:24	426cf313-582e-4822-8e6f-ec5a993d92ff	GET	undefined	 /users
2025-05-18	13:00:37	cd4fcf30-513d-4a48-acb5-fd65060d57b9	DELETE	undefined	 /users
2025-05-18	13:01:33	62fcaa65-7864-4efa-a78e-27effceced4f	DELETE	undefined	 /users
2025-05-18	13:01:40	71de46d1-8ef1-4cc8-bcf8-82cd33595d0f	GET	undefined	 /users
